<?xml version="1.0" encoding="UTF-8"?>
<testng-results skipped="0" failed="0" ignored="0" total="2" passed="2">
  <reporter-output>
  </reporter-output>
  <suite name="SampleTest" duration-ms="19" started-at="2021-09-24T13:01:23 IST" finished-at="2021-09-24T13:01:23 IST">
    <groups>
    </groups>
    <test name="Command line test" duration-ms="19" started-at="2021-09-24T13:01:23 IST" finished-at="2021-09-24T13:01:23 IST">
      <class name="SampleTest">
        <test-method status="PASS" signature="test1()[pri:0, instance:SampleTest@5622fdf]" name="test1" duration-ms="2" started-at="2021-09-24T13:01:23 IST" finished-at="2021-09-24T13:01:23 IST">
          <reporter-output>
          </reporter-output>
        </test-method> <!-- test1 -->
        <test-method status="PASS" signature="test2()[pri:0, instance:SampleTest@5622fdf]" name="test2" duration-ms="0" started-at="2021-09-24T13:01:23 IST" finished-at="2021-09-24T13:01:23 IST">
          <reporter-output>
          </reporter-output>
        </test-method> <!-- test2 -->
      </class> <!-- SampleTest -->
    </test> <!-- Command line test -->
  </suite> <!-- SampleTest -->
</testng-results>
