<?xml version="1.0" encoding="UTF-8"?>
<testng-results skipped="0" failed="0" ignored="0" total="1" passed="1">
  <reporter-output>
  </reporter-output>
  <suite name="SampleTest" duration-ms="21" started-at="2021-09-24T12:41:41 IST" finished-at="2021-09-24T12:41:41 IST">
    <groups>
    </groups>
    <test name="Command line test" duration-ms="21" started-at="2021-09-24T12:41:41 IST" finished-at="2021-09-24T12:41:41 IST">
      <class name="SampleTest">
        <test-method status="PASS" signature="test1()[pri:0, instance:SampleTest@5622fdf]" name="test1" duration-ms="3" started-at="2021-09-24T12:41:41 IST" finished-at="2021-09-24T12:41:41 IST">
          <reporter-output>
          </reporter-output>
        </test-method> <!-- test1 -->
      </class> <!-- SampleTest -->
    </test> <!-- Command line test -->
  </suite> <!-- SampleTest -->
</testng-results>
